<?xml version="1.0" encoding="UTF-8"?>
<!-- Generated by org.testng.reporters.JUnitXMLReporter -->
<testsuite ignored="0" hostname="DESKTOP-DOMUH27" failures="1" tests="4" name="Test" time="446.332" errors="0" timestamp="2022-10-07T09:05:06 COT">
  <testcase classname="com.testNG.RunTestNG" name="calculadoraTestNG" time="51.933"/>
  <testcase classname="com.testNG.RunTestNG" name="mercadoLibreTestNG" time="91.219"/>
  <testcase classname="com.testNG.RunTestNG" name="alertsTestNG" time="60.482">
    <failure type="org.openqa.selenium.StaleElementReferenceException" message="androidx.test.uiautomator.StaleObjectException
For documentation on this error, please visit: https://www.seleniumhq.org/exceptions/stale_element_reference.html
Build info: version: &amp;apos;3.141.59&amp;apos;, revision: &amp;apos;e82be7d358&amp;apos;, time: &amp;apos;2018-11-14T08:17:03&amp;apos;
System info: host: &amp;apos;DESKTOP-DOMUH27&amp;apos;, ip: &amp;apos;192.168.11.12&amp;apos;, os.name: &amp;apos;Windows 10&amp;apos;, os.arch: &amp;apos;amd64&amp;apos;, os.version: &amp;apos;10.0&amp;apos;, java.version: &amp;apos;17.0.4&amp;apos;
Driver info: io.appium.java_client.android.AndroidDriver
Capabilities {appActivity: com.google.android.apps.chr..., appPackage: com.android.chrome, autoGrantPermissions: true, databaseEnabled: false, desired: {appActivity: com.google.android.apps.chr..., appPackage: com.android.chrome, autoGrantPermissions: true, deviceName: BPN0218A16001722, noReset: true, platformName: android, platformVersion: 10}, deviceApiLevel: 29, deviceManufacturer: HUAWEI, deviceModel: EML-L09, deviceName: BPN0218A16001722, deviceScreenDensity: 480, deviceScreenSize: 1080x2244, deviceUDID: BPN0218A16001722, javascriptEnabled: true, locationContextEnabled: false, networkConnectionEnabled: true, noReset: true, pixelRatio: 3, platform: LINUX, platformName: Android, platformVersion: 10, statBarHeight: 85, takesScreenshot: true, viewportRect: {height: 1946, left: 0, top: 85, width: 1080}, warnings: {}, webStorageEnabled: false}
Session ID: db044102-41d5-4df5-a39f-2953e49c63b7">
      <![CDATA[org.openqa.selenium.StaleElementReferenceException: androidx.test.uiautomator.StaleObjectException
For documentation on this error, please visit: https://www.seleniumhq.org/exceptions/stale_element_reference.html
Build info: version: '3.141.59', revision: 'e82be7d358', time: '2018-11-14T08:17:03'
System info: host: 'DESKTOP-DOMUH27', ip: '192.168.11.12', os.name: 'Windows 10', os.arch: 'amd64', os.version: '10.0', java.version: '17.0.4'
Driver info: io.appium.java_client.android.AndroidDriver
Capabilities {appActivity: com.google.android.apps.chr..., appPackage: com.android.chrome, autoGrantPermissions: true, databaseEnabled: false, desired: {appActivity: com.google.android.apps.chr..., appPackage: com.android.chrome, autoGrantPermissions: true, deviceName: BPN0218A16001722, noReset: true, platformName: android, platformVersion: 10}, deviceApiLevel: 29, deviceManufacturer: HUAWEI, deviceModel: EML-L09, deviceName: BPN0218A16001722, deviceScreenDensity: 480, deviceScreenSize: 1080x2244, deviceUDID: BPN0218A16001722, javascriptEnabled: true, locationContextEnabled: false, networkConnectionEnabled: true, noReset: true, pixelRatio: 3, platform: LINUX, platformName: Android, platformVersion: 10, statBarHeight: 85, takesScreenshot: true, viewportRect: {height: 1946, left: 0, top: 85, width: 1080}, warnings: {}, webStorageEnabled: false}
Session ID: db044102-41d5-4df5-a39f-2953e49c63b7
at org.openqa.selenium.remote.http.W3CHttpResponseCodec.createException(W3CHttpResponseCodec.java:187)
at org.openqa.selenium.remote.http.W3CHttpResponseCodec.decode(W3CHttpResponseCodec.java:122)
at org.openqa.selenium.remote.http.W3CHttpResponseCodec.decode(W3CHttpResponseCodec.java:49)
at org.openqa.selenium.remote.HttpCommandExecutor.execute(HttpCommandExecutor.java:158)
at io.appium.java_client.remote.AppiumCommandExecutor.execute(AppiumCommandExecutor.java:250)
at org.openqa.selenium.remote.RemoteWebDriver.execute(RemoteWebDriver.java:552)
at io.appium.java_client.DefaultGenericMobileDriver.execute(DefaultGenericMobileDriver.java:41)
at io.appium.java_client.AppiumDriver.execute(AppiumDriver.java:1)
at io.appium.java_client.android.AndroidDriver.execute(AndroidDriver.java:1)
at org.openqa.selenium.remote.RemoteWebElement.execute(RemoteWebElement.java:285)
at io.appium.java_client.DefaultGenericMobileElement.execute(DefaultGenericMobileElement.java:45)
at io.appium.java_client.MobileElement.execute(MobileElement.java:1)
at io.appium.java_client.android.AndroidElement.execute(AndroidElement.java:1)
at org.openqa.selenium.remote.RemoteWebElement.click(RemoteWebElement.java:84)
at com.ClaseBase.ClasesBase.click(ClasesBase.java:151)
at com.PagesObjets.PagsObjetAlerts.alerts(PagsObjetAlerts.java:35)
at com.testNG.RunTestNG.alertsTestNG(RunTestNG.java:230)
at java.base/java.util.ArrayList.forEach(ArrayList.java:1511)
... Removed 32 stack frames]]>
    </failure>
  </testcase> <!-- alertsTestNG -->
  <testcase classname="com.testNG.RunTestNG" name="widgetsTestNG" time="237.875"/>
</testsuite> <!-- Test -->
